This file contains any messages produced by compilers while
running configure, to aid debugging if configure makes a mistake.

It was created by mpiP configure 3.5, which was
generated by GNU Autoconf 2.69.  Invocation command line was

  $ ./configure 

## --------- ##
## Platform. ##
## --------- ##

hostname = 101298ab52fc
uname -m = aarch64
uname -r = 5.10.104-linuxkit
uname -s = Linux
uname -v = #1 SMP PREEMPT Wed Mar 9 19:01:25 UTC 2022

/usr/bin/uname -p = aarch64
/bin/uname -X     = unknown

/bin/arch              = aarch64
/usr/bin/arch -k       = unknown
/usr/convex/getsysinfo = unknown
/usr/bin/hostinfo      = unknown
/bin/machine           = unknown
/usr/bin/oslevel       = unknown
/bin/universe          = unknown

PATH: /usr/local/sbin
PATH: /usr/local/bin
PATH: /usr/sbin
PATH: /usr/bin
PATH: /sbin
PATH: /bin
PATH: /usr/games
PATH: /usr/local/games
PATH: /snap/bin
PATH: /opt/simgrid3.26/bin
PATH: /home/smallcat/.nix-profile/bin


## ----------- ##
## Core tests. ##
## ----------- ##

configure:2626: checking build system type
configure:2640: result: aarch64-unknown-linux-gnu
configure:2660: checking host system type
configure:2673: result: aarch64-unknown-linux-gnu
configure:2693: checking target system type
configure:2706: result: aarch64-unknown-linux-gnu
configure:3244: checking for a BSD-compatible install
configure:3312: result: /usr/bin/install -c
configure:3366: checking for ranlib
configure:3382: found /usr/bin/ranlib
configure:3393: result: ranlib
configure:3421: checking for python
configure:3437: found /usr/bin/python
configure:3449: result: python
configure:3476: checking for mpixlc
configure:3506: result: no
configure:3476: checking for mpiicc
configure:3506: result: no
configure:3476: checking for cmpicc
configure:3506: result: no
configure:3476: checking for mpcc
configure:3506: result: no
configure:3476: checking for mpicc
configure:3492: found /usr/bin/mpicc
configure:3503: result: mpicc
configure:3519: checking for mpixlC
configure:3549: result: no
configure:3519: checking for mpiicpc
configure:3549: result: no
configure:3519: checking for mpiCC
configure:3535: found /usr/bin/mpiCC
configure:3546: result: mpiCC
configure:3562: checking for mpixlf
configure:3592: result: no
configure:3562: checking for mpiifort
configure:3592: result: no
configure:3562: checking for mpifort
configure:3578: found /usr/bin/mpifort
configure:3589: result: mpifort
configure:3605: checking for poe
configure:3635: result: no
configure:3605: checking for jsrun
configure:3635: result: no
configure:3605: checking for srun
configure:3635: result: no
configure:3605: checking for prun
configure:3635: result: no
configure:3605: checking for mpirun
configure:3621: found /usr/bin/mpirun
configure:3632: result: mpirun
configure:4082: checking for C compiler version
configure:4091: mpicc --version >&5
gcc (Ubuntu 9.3.0-17ubuntu1~20.04) 9.3.0
Copyright (C) 2019 Free Software Foundation, Inc.
This is free software; see the source for copying conditions.  There is NO
warranty; not even for MERCHANTABILITY or FITNESS FOR A PARTICULAR PURPOSE.

configure:4102: $? = 0
configure:4091: mpicc -v >&5
mpicc for MPICH version 3.3.2
Using built-in specs.
COLLECT_GCC=gcc
COLLECT_LTO_WRAPPER=/usr/lib/gcc/aarch64-linux-gnu/9/lto-wrapper
Target: aarch64-linux-gnu
Configured with: ../src/configure -v --with-pkgversion='Ubuntu 9.3.0-17ubuntu1~20.04' --with-bugurl=file:///usr/share/doc/gcc-9/README.Bugs --enable-languages=c,ada,c++,go,d,fortran,objc,obj-c++,gm2 --prefix=/usr --with-gcc-major-version-only --program-suffix=-9 --program-prefix=aarch64-linux-gnu- --enable-shared --enable-linker-build-id --libexecdir=/usr/lib --without-included-gettext --enable-threads=posix --libdir=/usr/lib --enable-nls --enable-clocale=gnu --enable-libstdcxx-debug --enable-libstdcxx-time=yes --with-default-libstdcxx-abi=new --enable-gnu-unique-object --disable-libquadmath --disable-libquadmath-support --enable-plugin --enable-default-pie --with-system-zlib --with-target-system-zlib=auto --enable-objc-gc=auto --enable-multiarch --enable-fix-cortex-a53-843419 --disable-werror --enable-checking=release --build=aarch64-linux-gnu --host=aarch64-linux-gnu --target=aarch64-linux-gnu
Thread model: posix
gcc version 9.3.0 (Ubuntu 9.3.0-17ubuntu1~20.04) 
configure:4102: $? = 0
configure:4091: mpicc -V >&5
gcc: error: unrecognized command line option '-V'
configure:4102: $? = 1
configure:4091: mpicc -qversion >&5
gcc: error: unrecognized command line option '-qversion'; did you mean '--version'?
configure:4102: $? = 1
configure:4122: checking whether the C compiler works
configure:4144: mpicc    conftest.c  >&5
configure:4148: $? = 0
configure:4196: result: yes
configure:4199: checking for C compiler default output file name
configure:4201: result: a.out
configure:4207: checking for suffix of executables
configure:4214: mpicc -o conftest    conftest.c  >&5
configure:4218: $? = 0
configure:4240: result: 
configure:4262: checking whether we are cross compiling
configure:4300: result: yes
configure:4305: checking for suffix of object files
configure:4327: mpicc -c   conftest.c >&5
configure:4331: $? = 0
configure:4352: result: o
configure:4356: checking whether we are using the GNU C compiler
configure:4375: mpicc -c   conftest.c >&5
configure:4375: $? = 0
configure:4384: result: yes
configure:4393: checking whether mpicc accepts -g
configure:4413: mpicc -c -g  conftest.c >&5
configure:4413: $? = 0
configure:4454: result: yes
configure:4471: checking for mpicc option to accept ISO C89
configure:4534: mpicc  -c -g -O2  conftest.c >&5
configure:4534: $? = 0
configure:4547: result: none needed
configure:4568: checking for sqrt in -lm
configure:4593: mpicc -o conftest -g -O2   conftest.c -lm   >&5
conftest.c:21:6: warning: conflicting types for built-in function 'sqrt'; expected 'double(double)' [-Wbuiltin-declaration-mismatch]
   21 | char sqrt ();
      |      ^~~~
conftest.c:1:1: note: 'sqrt' is declared in header '<math.h>'
    1 | /* confdefs.h */
configure:4593: $? = 0
configure:4602: result: yes
configure:4619: checking how to run the C preprocessor
configure:4650: mpicc -E  conftest.c
configure:4650: $? = 0
configure:4664: mpicc -E  conftest.c
conftest.c:15:10: fatal error: ac_nonexistent.h: No such file or directory
   15 | #include <ac_nonexistent.h>
      |          ^~~~~~~~~~~~~~~~~~
compilation terminated.
configure:4664: $? = 1
configure: failed program was:
| /* confdefs.h */
| #define PACKAGE_NAME "mpiP"
| #define PACKAGE_TARNAME "mpip"
| #define PACKAGE_VERSION "3.5"
| #define PACKAGE_STRING "mpiP 3.5"
| #define PACKAGE_BUGREPORT ""
| #define PACKAGE_URL ""
| #define MPIP_CALLSITE_REPORT_STACK_DEPTH_MAX 8
| #define MPIP_INTERNAL_STACK_DEPTH 3
| #define MPIP_CALLSITE_STACK_DEPTH_MAX (MPIP_CALLSITE_REPORT_STACK_DEPTH_MAX + MPIP_INTERNAL_STACK_DEPTH)
| #define MPIP_COPIED_ARGS_MAX 32
| #define DEFAULT_REPORT_FORMAT mpiPi_style_verbose
| #define HAVE_LIBM 1
| /* end confdefs.h.  */
| #include <ac_nonexistent.h>
configure:4689: result: mpicc -E
configure:4709: mpicc -E  conftest.c
configure:4709: $? = 0
configure:4723: mpicc -E  conftest.c
conftest.c:15:10: fatal error: ac_nonexistent.h: No such file or directory
   15 | #include <ac_nonexistent.h>
      |          ^~~~~~~~~~~~~~~~~~
compilation terminated.
configure:4723: $? = 1
configure: failed program was:
| /* confdefs.h */
| #define PACKAGE_NAME "mpiP"
| #define PACKAGE_TARNAME "mpip"
| #define PACKAGE_VERSION "3.5"
| #define PACKAGE_STRING "mpiP 3.5"
| #define PACKAGE_BUGREPORT ""
| #define PACKAGE_URL ""
| #define MPIP_CALLSITE_REPORT_STACK_DEPTH_MAX 8
| #define MPIP_INTERNAL_STACK_DEPTH 3
| #define MPIP_CALLSITE_STACK_DEPTH_MAX (MPIP_CALLSITE_REPORT_STACK_DEPTH_MAX + MPIP_INTERNAL_STACK_DEPTH)
| #define MPIP_COPIED_ARGS_MAX 32
| #define DEFAULT_REPORT_FORMAT mpiPi_style_verbose
| #define HAVE_LIBM 1
| /* end confdefs.h.  */
| #include <ac_nonexistent.h>
configure:4752: checking for grep that handles long lines and -e
configure:4810: result: /usr/bin/grep
configure:4815: checking for egrep
configure:4877: result: /usr/bin/grep -E
configure:4882: checking for ANSI C header files
configure:4902: mpicc -c -g -O2  conftest.c >&5
configure:4902: $? = 0
configure:4986: result: yes
configure:4999: checking for sys/types.h
configure:4999: mpicc -c -g -O2  conftest.c >&5
configure:4999: $? = 0
configure:4999: result: yes
configure:4999: checking for sys/stat.h
configure:4999: mpicc -c -g -O2  conftest.c >&5
configure:4999: $? = 0
configure:4999: result: yes
configure:4999: checking for stdlib.h
configure:4999: mpicc -c -g -O2  conftest.c >&5
configure:4999: $? = 0
configure:4999: result: yes
configure:4999: checking for string.h
configure:4999: mpicc -c -g -O2  conftest.c >&5
configure:4999: $? = 0
configure:4999: result: yes
configure:4999: checking for memory.h
configure:4999: mpicc -c -g -O2  conftest.c >&5
configure:4999: $? = 0
configure:4999: result: yes
configure:4999: checking for strings.h
configure:4999: mpicc -c -g -O2  conftest.c >&5
configure:4999: $? = 0
configure:4999: result: yes
configure:4999: checking for inttypes.h
configure:4999: mpicc -c -g -O2  conftest.c >&5
configure:4999: $? = 0
configure:4999: result: yes
configure:4999: checking for stdint.h
configure:4999: mpicc -c -g -O2  conftest.c >&5
configure:4999: $? = 0
configure:4999: result: yes
configure:4999: checking for unistd.h
configure:4999: mpicc -c -g -O2  conftest.c >&5
configure:4999: $? = 0
configure:4999: result: yes
configure:5015: checking size of void*
configure:5020: mpicc -c -g -O2  conftest.c >&5
configure:5020: $? = 0
configure:5020: mpicc -c -g -O2  conftest.c >&5
conftest.c: In function 'main':
conftest.c:61:12: error: size of array 'test_array' is negative
   61 | static int test_array [1 - 2 * !(((long int) (sizeof (void*))) <= 0)];
      |            ^~~~~~~~~~
configure:5020: $? = 1
configure: failed program was:
| /* confdefs.h */
| #define PACKAGE_NAME "mpiP"
| #define PACKAGE_TARNAME "mpip"
| #define PACKAGE_VERSION "3.5"
| #define PACKAGE_STRING "mpiP 3.5"
| #define PACKAGE_BUGREPORT ""
| #define PACKAGE_URL ""
| #define MPIP_CALLSITE_REPORT_STACK_DEPTH_MAX 8
| #define MPIP_INTERNAL_STACK_DEPTH 3
| #define MPIP_CALLSITE_STACK_DEPTH_MAX (MPIP_CALLSITE_REPORT_STACK_DEPTH_MAX + MPIP_INTERNAL_STACK_DEPTH)
| #define MPIP_COPIED_ARGS_MAX 32
| #define DEFAULT_REPORT_FORMAT mpiPi_style_verbose
| #define HAVE_LIBM 1
| #define STDC_HEADERS 1
| #define HAVE_SYS_TYPES_H 1
| #define HAVE_SYS_STAT_H 1
| #define HAVE_STDLIB_H 1
| #define HAVE_STRING_H 1
| #define HAVE_MEMORY_H 1
| #define HAVE_STRINGS_H 1
| #define HAVE_INTTYPES_H 1
| #define HAVE_STDINT_H 1
| #define HAVE_UNISTD_H 1
| /* end confdefs.h.  */
| #include <stdio.h>
| #ifdef HAVE_SYS_TYPES_H
| # include <sys/types.h>
| #endif
| #ifdef HAVE_SYS_STAT_H
| # include <sys/stat.h>
| #endif
| #ifdef STDC_HEADERS
| # include <stdlib.h>
| # include <stddef.h>
| #else
| # ifdef HAVE_STDLIB_H
| #  include <stdlib.h>
| # endif
| #endif
| #ifdef HAVE_STRING_H
| # if !defined STDC_HEADERS && defined HAVE_MEMORY_H
| #  include <memory.h>
| # endif
| # include <string.h>
| #endif
| #ifdef HAVE_STRINGS_H
| # include <strings.h>
| #endif
| #ifdef HAVE_INTTYPES_H
| # include <inttypes.h>
| #endif
| #ifdef HAVE_STDINT_H
| # include <stdint.h>
| #endif
| #ifdef HAVE_UNISTD_H
| # include <unistd.h>
| #endif
| int
| main ()
| {
| static int test_array [1 - 2 * !(((long int) (sizeof (void*))) <= 0)];
| test_array [0] = 0;
| return test_array [0];
| 
|   ;
|   return 0;
| }
configure:5020: mpicc -c -g -O2  conftest.c >&5
conftest.c: In function 'main':
conftest.c:61:12: error: size of array 'test_array' is negative
   61 | static int test_array [1 - 2 * !(((long int) (sizeof (void*))) <= 1)];
      |            ^~~~~~~~~~
configure:5020: $? = 1
configure: failed program was:
| /* confdefs.h */
| #define PACKAGE_NAME "mpiP"
| #define PACKAGE_TARNAME "mpip"
| #define PACKAGE_VERSION "3.5"
| #define PACKAGE_STRING "mpiP 3.5"
| #define PACKAGE_BUGREPORT ""
| #define PACKAGE_URL ""
| #define MPIP_CALLSITE_REPORT_STACK_DEPTH_MAX 8
| #define MPIP_INTERNAL_STACK_DEPTH 3
| #define MPIP_CALLSITE_STACK_DEPTH_MAX (MPIP_CALLSITE_REPORT_STACK_DEPTH_MAX + MPIP_INTERNAL_STACK_DEPTH)
| #define MPIP_COPIED_ARGS_MAX 32
| #define DEFAULT_REPORT_FORMAT mpiPi_style_verbose
| #define HAVE_LIBM 1
| #define STDC_HEADERS 1
| #define HAVE_SYS_TYPES_H 1
| #define HAVE_SYS_STAT_H 1
| #define HAVE_STDLIB_H 1
| #define HAVE_STRING_H 1
| #define HAVE_MEMORY_H 1
| #define HAVE_STRINGS_H 1
| #define HAVE_INTTYPES_H 1
| #define HAVE_STDINT_H 1
| #define HAVE_UNISTD_H 1
| /* end confdefs.h.  */
| #include <stdio.h>
| #ifdef HAVE_SYS_TYPES_H
| # include <sys/types.h>
| #endif
| #ifdef HAVE_SYS_STAT_H
| # include <sys/stat.h>
| #endif
| #ifdef STDC_HEADERS
| # include <stdlib.h>
| # include <stddef.h>
| #else
| # ifdef HAVE_STDLIB_H
| #  include <stdlib.h>
| # endif
| #endif
| #ifdef HAVE_STRING_H
| # if !defined STDC_HEADERS && defined HAVE_MEMORY_H
| #  include <memory.h>
| # endif
| # include <string.h>
| #endif
| #ifdef HAVE_STRINGS_H
| # include <strings.h>
| #endif
| #ifdef HAVE_INTTYPES_H
| # include <inttypes.h>
| #endif
| #ifdef HAVE_STDINT_H
| # include <stdint.h>
| #endif
| #ifdef HAVE_UNISTD_H
| # include <unistd.h>
| #endif
| int
| main ()
| {
| static int test_array [1 - 2 * !(((long int) (sizeof (void*))) <= 1)];
| test_array [0] = 0;
| return test_array [0];
| 
|   ;
|   return 0;
| }
configure:5020: mpicc -c -g -O2  conftest.c >&5
conftest.c: In function 'main':
conftest.c:61:12: error: size of array 'test_array' is negative
   61 | static int test_array [1 - 2 * !(((long int) (sizeof (void*))) <= 3)];
      |            ^~~~~~~~~~
configure:5020: $? = 1
configure: failed program was:
| /* confdefs.h */
| #define PACKAGE_NAME "mpiP"
| #define PACKAGE_TARNAME "mpip"
| #define PACKAGE_VERSION "3.5"
| #define PACKAGE_STRING "mpiP 3.5"
| #define PACKAGE_BUGREPORT ""
| #define PACKAGE_URL ""
| #define MPIP_CALLSITE_REPORT_STACK_DEPTH_MAX 8
| #define MPIP_INTERNAL_STACK_DEPTH 3
| #define MPIP_CALLSITE_STACK_DEPTH_MAX (MPIP_CALLSITE_REPORT_STACK_DEPTH_MAX + MPIP_INTERNAL_STACK_DEPTH)
| #define MPIP_COPIED_ARGS_MAX 32
| #define DEFAULT_REPORT_FORMAT mpiPi_style_verbose
| #define HAVE_LIBM 1
| #define STDC_HEADERS 1
| #define HAVE_SYS_TYPES_H 1
| #define HAVE_SYS_STAT_H 1
| #define HAVE_STDLIB_H 1
| #define HAVE_STRING_H 1
| #define HAVE_MEMORY_H 1
| #define HAVE_STRINGS_H 1
| #define HAVE_INTTYPES_H 1
| #define HAVE_STDINT_H 1
| #define HAVE_UNISTD_H 1
| /* end confdefs.h.  */
| #include <stdio.h>
| #ifdef HAVE_SYS_TYPES_H
| # include <sys/types.h>
| #endif
| #ifdef HAVE_SYS_STAT_H
| # include <sys/stat.h>
| #endif
| #ifdef STDC_HEADERS
| # include <stdlib.h>
| # include <stddef.h>
| #else
| # ifdef HAVE_STDLIB_H
| #  include <stdlib.h>
| # endif
| #endif
| #ifdef HAVE_STRING_H
| # if !defined STDC_HEADERS && defined HAVE_MEMORY_H
| #  include <memory.h>
| # endif
| # include <string.h>
| #endif
| #ifdef HAVE_STRINGS_H
| # include <strings.h>
| #endif
| #ifdef HAVE_INTTYPES_H
| # include <inttypes.h>
| #endif
| #ifdef HAVE_STDINT_H
| # include <stdint.h>
| #endif
| #ifdef HAVE_UNISTD_H
| # include <unistd.h>
| #endif
| int
| main ()
| {
| static int test_array [1 - 2 * !(((long int) (sizeof (void*))) <= 3)];
| test_array [0] = 0;
| return test_array [0];
| 
|   ;
|   return 0;
| }
configure:5020: mpicc -c -g -O2  conftest.c >&5
conftest.c: In function 'main':
conftest.c:61:12: error: size of array 'test_array' is negative
   61 | static int test_array [1 - 2 * !(((long int) (sizeof (void*))) <= 7)];
      |            ^~~~~~~~~~
configure:5020: $? = 1
configure: failed program was:
| /* confdefs.h */
| #define PACKAGE_NAME "mpiP"
| #define PACKAGE_TARNAME "mpip"
| #define PACKAGE_VERSION "3.5"
| #define PACKAGE_STRING "mpiP 3.5"
| #define PACKAGE_BUGREPORT ""
| #define PACKAGE_URL ""
| #define MPIP_CALLSITE_REPORT_STACK_DEPTH_MAX 8
| #define MPIP_INTERNAL_STACK_DEPTH 3
| #define MPIP_CALLSITE_STACK_DEPTH_MAX (MPIP_CALLSITE_REPORT_STACK_DEPTH_MAX + MPIP_INTERNAL_STACK_DEPTH)
| #define MPIP_COPIED_ARGS_MAX 32
| #define DEFAULT_REPORT_FORMAT mpiPi_style_verbose
| #define HAVE_LIBM 1
| #define STDC_HEADERS 1
| #define HAVE_SYS_TYPES_H 1
| #define HAVE_SYS_STAT_H 1
| #define HAVE_STDLIB_H 1
| #define HAVE_STRING_H 1
| #define HAVE_MEMORY_H 1
| #define HAVE_STRINGS_H 1
| #define HAVE_INTTYPES_H 1
| #define HAVE_STDINT_H 1
| #define HAVE_UNISTD_H 1
| /* end confdefs.h.  */
| #include <stdio.h>
| #ifdef HAVE_SYS_TYPES_H
| # include <sys/types.h>
| #endif
| #ifdef HAVE_SYS_STAT_H
| # include <sys/stat.h>
| #endif
| #ifdef STDC_HEADERS
| # include <stdlib.h>
| # include <stddef.h>
| #else
| # ifdef HAVE_STDLIB_H
| #  include <stdlib.h>
| # endif
| #endif
| #ifdef HAVE_STRING_H
| # if !defined STDC_HEADERS && defined HAVE_MEMORY_H
| #  include <memory.h>
| # endif
| # include <string.h>
| #endif
| #ifdef HAVE_STRINGS_H
| # include <strings.h>
| #endif
| #ifdef HAVE_INTTYPES_H
| # include <inttypes.h>
| #endif
| #ifdef HAVE_STDINT_H
| # include <stdint.h>
| #endif
| #ifdef HAVE_UNISTD_H
| # include <unistd.h>
| #endif
| int
| main ()
| {
| static int test_array [1 - 2 * !(((long int) (sizeof (void*))) <= 7)];
| test_array [0] = 0;
| return test_array [0];
| 
|   ;
|   return 0;
| }
configure:5020: mpicc -c -g -O2  conftest.c >&5
configure:5020: $? = 0
configure:5020: mpicc -c -g -O2  conftest.c >&5
configure:5020: $? = 0
configure:5020: mpicc -c -g -O2  conftest.c >&5
configure:5020: $? = 0
configure:5020: mpicc -c -g -O2  conftest.c >&5
configure:5020: $? = 0
configure:5034: result: 8
configure:5045: checking PIC flags
configure:5052: result: -fpic -DPIC
configure:5058: checking whether MPI_Init is declared
configure:5058: mpicc -c -g -O2  conftest.c >&5
configure:5058: $? = 0
configure:5058: result: yes
configure:5072: checking for library containing dlopen
configure:5103: mpicc -o conftest -g -O2   conftest.c -lm  >&5
/usr/bin/ld: /tmp/cc5rNZmG.o: in function `main':
/github/mpi/mpiP/conftest.c:37: undefined reference to `dlopen'
collect2: error: ld returned 1 exit status
configure:5103: $? = 1
configure: failed program was:
| /* confdefs.h */
| #define PACKAGE_NAME "mpiP"
| #define PACKAGE_TARNAME "mpip"
| #define PACKAGE_VERSION "3.5"
| #define PACKAGE_STRING "mpiP 3.5"
| #define PACKAGE_BUGREPORT ""
| #define PACKAGE_URL ""
| #define MPIP_CALLSITE_REPORT_STACK_DEPTH_MAX 8
| #define MPIP_INTERNAL_STACK_DEPTH 3
| #define MPIP_CALLSITE_STACK_DEPTH_MAX (MPIP_CALLSITE_REPORT_STACK_DEPTH_MAX + MPIP_INTERNAL_STACK_DEPTH)
| #define MPIP_COPIED_ARGS_MAX 32
| #define DEFAULT_REPORT_FORMAT mpiPi_style_verbose
| #define HAVE_LIBM 1
| #define STDC_HEADERS 1
| #define HAVE_SYS_TYPES_H 1
| #define HAVE_SYS_STAT_H 1
| #define HAVE_STDLIB_H 1
| #define HAVE_STRING_H 1
| #define HAVE_MEMORY_H 1
| #define HAVE_STRINGS_H 1
| #define HAVE_INTTYPES_H 1
| #define HAVE_STDINT_H 1
| #define HAVE_UNISTD_H 1
| #define SIZEOF_VOIDP 8
| /* end confdefs.h.  */
| 
| /* Override any GCC internal prototype to avoid an error.
|    Use char because int might match the return type of a GCC
|    builtin and then its argument prototype would still apply.  */
| #ifdef __cplusplus
| extern "C"
| #endif
| char dlopen ();
| int
| main ()
| {
| return dlopen ();
|   ;
|   return 0;
| }
configure:5103: mpicc -o conftest -g -O2   conftest.c -ldl  -lm  >&5
configure:5103: $? = 0
configure:5120: result: -ldl
configure:5128: checking for inflate in -lz
configure:5153: mpicc -o conftest -g -O2   conftest.c -lz  -ldl -lm  >&5
configure:5153: $? = 0
configure:5162: result: yes
configure:5168: checking for dcgettext__ in -lintl
configure:5193: mpicc -o conftest -g -O2   conftest.c -lintl  -ldl -lm  >&5
/usr/bin/ld: cannot find -lintl
collect2: error: ld returned 1 exit status
configure:5193: $? = 1
configure: failed program was:
| /* confdefs.h */
| #define PACKAGE_NAME "mpiP"
| #define PACKAGE_TARNAME "mpip"
| #define PACKAGE_VERSION "3.5"
| #define PACKAGE_STRING "mpiP 3.5"
| #define PACKAGE_BUGREPORT ""
| #define PACKAGE_URL ""
| #define MPIP_CALLSITE_REPORT_STACK_DEPTH_MAX 8
| #define MPIP_INTERNAL_STACK_DEPTH 3
| #define MPIP_CALLSITE_STACK_DEPTH_MAX (MPIP_CALLSITE_REPORT_STACK_DEPTH_MAX + MPIP_INTERNAL_STACK_DEPTH)
| #define MPIP_COPIED_ARGS_MAX 32
| #define DEFAULT_REPORT_FORMAT mpiPi_style_verbose
| #define HAVE_LIBM 1
| #define STDC_HEADERS 1
| #define HAVE_SYS_TYPES_H 1
| #define HAVE_SYS_STAT_H 1
| #define HAVE_STDLIB_H 1
| #define HAVE_STRING_H 1
| #define HAVE_MEMORY_H 1
| #define HAVE_STRINGS_H 1
| #define HAVE_INTTYPES_H 1
| #define HAVE_STDINT_H 1
| #define HAVE_UNISTD_H 1
| #define SIZEOF_VOIDP 8
| /* end confdefs.h.  */
| 
| /* Override any GCC internal prototype to avoid an error.
|    Use char because int might match the return type of a GCC
|    builtin and then its argument prototype would still apply.  */
| #ifdef __cplusplus
| extern "C"
| #endif
| char dcgettext__ ();
| int
| main ()
| {
| return dcgettext__ ();
|   ;
|   return 0;
| }
configure:5202: result: no
configure:5208: checking for objalloc_create in -liberty
configure:5233: mpicc -o conftest -g -O2   conftest.c -liberty  -ldl -lm  >&5
/usr/bin/ld: cannot find -liberty
collect2: error: ld returned 1 exit status
configure:5233: $? = 1
configure: failed program was:
| /* confdefs.h */
| #define PACKAGE_NAME "mpiP"
| #define PACKAGE_TARNAME "mpip"
| #define PACKAGE_VERSION "3.5"
| #define PACKAGE_STRING "mpiP 3.5"
| #define PACKAGE_BUGREPORT ""
| #define PACKAGE_URL ""
| #define MPIP_CALLSITE_REPORT_STACK_DEPTH_MAX 8
| #define MPIP_INTERNAL_STACK_DEPTH 3
| #define MPIP_CALLSITE_STACK_DEPTH_MAX (MPIP_CALLSITE_REPORT_STACK_DEPTH_MAX + MPIP_INTERNAL_STACK_DEPTH)
| #define MPIP_COPIED_ARGS_MAX 32
| #define DEFAULT_REPORT_FORMAT mpiPi_style_verbose
| #define HAVE_LIBM 1
| #define STDC_HEADERS 1
| #define HAVE_SYS_TYPES_H 1
| #define HAVE_SYS_STAT_H 1
| #define HAVE_STDLIB_H 1
| #define HAVE_STRING_H 1
| #define HAVE_MEMORY_H 1
| #define HAVE_STRINGS_H 1
| #define HAVE_INTTYPES_H 1
| #define HAVE_STDINT_H 1
| #define HAVE_UNISTD_H 1
| #define SIZEOF_VOIDP 8
| /* end confdefs.h.  */
| 
| /* Override any GCC internal prototype to avoid an error.
|    Use char because int might match the return type of a GCC
|    builtin and then its argument prototype would still apply.  */
| #ifdef __cplusplus
| extern "C"
| #endif
| char objalloc_create ();
| int
| main ()
| {
| return objalloc_create ();
|   ;
|   return 0;
| }
configure:5242: result: no
configure:5248: checking bfd.h usability
configure:5248: mpicc -c -g -O2  conftest.c >&5
conftest.c:59:10: fatal error: bfd.h: No such file or directory
   59 | #include <bfd.h>
      |          ^~~~~~~
compilation terminated.
configure:5248: $? = 1
configure: failed program was:
| /* confdefs.h */
| #define PACKAGE_NAME "mpiP"
| #define PACKAGE_TARNAME "mpip"
| #define PACKAGE_VERSION "3.5"
| #define PACKAGE_STRING "mpiP 3.5"
| #define PACKAGE_BUGREPORT ""
| #define PACKAGE_URL ""
| #define MPIP_CALLSITE_REPORT_STACK_DEPTH_MAX 8
| #define MPIP_INTERNAL_STACK_DEPTH 3
| #define MPIP_CALLSITE_STACK_DEPTH_MAX (MPIP_CALLSITE_REPORT_STACK_DEPTH_MAX + MPIP_INTERNAL_STACK_DEPTH)
| #define MPIP_COPIED_ARGS_MAX 32
| #define DEFAULT_REPORT_FORMAT mpiPi_style_verbose
| #define HAVE_LIBM 1
| #define STDC_HEADERS 1
| #define HAVE_SYS_TYPES_H 1
| #define HAVE_SYS_STAT_H 1
| #define HAVE_STDLIB_H 1
| #define HAVE_STRING_H 1
| #define HAVE_MEMORY_H 1
| #define HAVE_STRINGS_H 1
| #define HAVE_INTTYPES_H 1
| #define HAVE_STDINT_H 1
| #define HAVE_UNISTD_H 1
| #define SIZEOF_VOIDP 8
| /* end confdefs.h.  */
| #include <stdio.h>
| #ifdef HAVE_SYS_TYPES_H
| # include <sys/types.h>
| #endif
| #ifdef HAVE_SYS_STAT_H
| # include <sys/stat.h>
| #endif
| #ifdef STDC_HEADERS
| # include <stdlib.h>
| # include <stddef.h>
| #else
| # ifdef HAVE_STDLIB_H
| #  include <stdlib.h>
| # endif
| #endif
| #ifdef HAVE_STRING_H
| # if !defined STDC_HEADERS && defined HAVE_MEMORY_H
| #  include <memory.h>
| # endif
| # include <string.h>
| #endif
| #ifdef HAVE_STRINGS_H
| # include <strings.h>
| #endif
| #ifdef HAVE_INTTYPES_H
| # include <inttypes.h>
| #endif
| #ifdef HAVE_STDINT_H
| # include <stdint.h>
| #endif
| #ifdef HAVE_UNISTD_H
| # include <unistd.h>
| #endif
| #include <bfd.h>
configure:5248: result: no
configure:5248: checking bfd.h presence
configure:5248: mpicc -E  conftest.c
conftest.c:26:10: fatal error: bfd.h: No such file or directory
   26 | #include <bfd.h>
      |          ^~~~~~~
compilation terminated.
configure:5248: $? = 1
configure: failed program was:
| /* confdefs.h */
| #define PACKAGE_NAME "mpiP"
| #define PACKAGE_TARNAME "mpip"
| #define PACKAGE_VERSION "3.5"
| #define PACKAGE_STRING "mpiP 3.5"
| #define PACKAGE_BUGREPORT ""
| #define PACKAGE_URL ""
| #define MPIP_CALLSITE_REPORT_STACK_DEPTH_MAX 8
| #define MPIP_INTERNAL_STACK_DEPTH 3
| #define MPIP_CALLSITE_STACK_DEPTH_MAX (MPIP_CALLSITE_REPORT_STACK_DEPTH_MAX + MPIP_INTERNAL_STACK_DEPTH)
| #define MPIP_COPIED_ARGS_MAX 32
| #define DEFAULT_REPORT_FORMAT mpiPi_style_verbose
| #define HAVE_LIBM 1
| #define STDC_HEADERS 1
| #define HAVE_SYS_TYPES_H 1
| #define HAVE_SYS_STAT_H 1
| #define HAVE_STDLIB_H 1
| #define HAVE_STRING_H 1
| #define HAVE_MEMORY_H 1
| #define HAVE_STRINGS_H 1
| #define HAVE_INTTYPES_H 1
| #define HAVE_STDINT_H 1
| #define HAVE_UNISTD_H 1
| #define SIZEOF_VOIDP 8
| /* end confdefs.h.  */
| #include <bfd.h>
configure:5248: result: no
configure:5248: checking for bfd.h
configure:5248: result: no
configure:5315: checking for bfd_boolean
configure:5315: mpicc -c -g -O2  conftest.c >&5
conftest.c:26:10: fatal error: bfd.h: No such file or directory
   26 | #include "bfd.h"
      |          ^~~~~~~
compilation terminated.
configure:5315: $? = 1
configure: failed program was:
| /* confdefs.h */
| #define PACKAGE_NAME "mpiP"
| #define PACKAGE_TARNAME "mpip"
| #define PACKAGE_VERSION "3.5"
| #define PACKAGE_STRING "mpiP 3.5"
| #define PACKAGE_BUGREPORT ""
| #define PACKAGE_URL ""
| #define MPIP_CALLSITE_REPORT_STACK_DEPTH_MAX 8
| #define MPIP_INTERNAL_STACK_DEPTH 3
| #define MPIP_CALLSITE_STACK_DEPTH_MAX (MPIP_CALLSITE_REPORT_STACK_DEPTH_MAX + MPIP_INTERNAL_STACK_DEPTH)
| #define MPIP_COPIED_ARGS_MAX 32
| #define DEFAULT_REPORT_FORMAT mpiPi_style_verbose
| #define HAVE_LIBM 1
| #define STDC_HEADERS 1
| #define HAVE_SYS_TYPES_H 1
| #define HAVE_SYS_STAT_H 1
| #define HAVE_STDLIB_H 1
| #define HAVE_STRING_H 1
| #define HAVE_MEMORY_H 1
| #define HAVE_STRINGS_H 1
| #define HAVE_INTTYPES_H 1
| #define HAVE_STDINT_H 1
| #define HAVE_UNISTD_H 1
| #define SIZEOF_VOIDP 8
| /* end confdefs.h.  */
| #include "bfd.h"
| 
| int
| main ()
| {
| if (sizeof (bfd_boolean))
| 	 return 0;
|   ;
|   return 0;
| }
configure:5315: result: no
configure:5445: checking for MPIR_ToPointer in -lmpi
configure:5470: mpicc -o conftest -g -O2   conftest.c -lmpi  -ldl -lm  >&5
/usr/bin/ld: /tmp/ccOi9CJT.o: in function `main':
/github/mpi/mpiP/conftest.c:38: undefined reference to `MPIR_ToPointer'
collect2: error: ld returned 1 exit status
configure:5470: $? = 1
configure: failed program was:
| /* confdefs.h */
| #define PACKAGE_NAME "mpiP"
| #define PACKAGE_TARNAME "mpip"
| #define PACKAGE_VERSION "3.5"
| #define PACKAGE_STRING "mpiP 3.5"
| #define PACKAGE_BUGREPORT ""
| #define PACKAGE_URL ""
| #define MPIP_CALLSITE_REPORT_STACK_DEPTH_MAX 8
| #define MPIP_INTERNAL_STACK_DEPTH 3
| #define MPIP_CALLSITE_STACK_DEPTH_MAX (MPIP_CALLSITE_REPORT_STACK_DEPTH_MAX + MPIP_INTERNAL_STACK_DEPTH)
| #define MPIP_COPIED_ARGS_MAX 32
| #define DEFAULT_REPORT_FORMAT mpiPi_style_verbose
| #define HAVE_LIBM 1
| #define STDC_HEADERS 1
| #define HAVE_SYS_TYPES_H 1
| #define HAVE_SYS_STAT_H 1
| #define HAVE_STDLIB_H 1
| #define HAVE_STRING_H 1
| #define HAVE_MEMORY_H 1
| #define HAVE_STRINGS_H 1
| #define HAVE_INTTYPES_H 1
| #define HAVE_STDINT_H 1
| #define HAVE_UNISTD_H 1
| #define SIZEOF_VOIDP 8
| #define HAVE_BFD_BOOLEAN 1
| /* end confdefs.h.  */
| 
| /* Override any GCC internal prototype to avoid an error.
|    Use char because int might match the return type of a GCC
|    builtin and then its argument prototype would still apply.  */
| #ifdef __cplusplus
| extern "C"
| #endif
| char MPIR_ToPointer ();
| int
| main ()
| {
| return MPIR_ToPointer ();
|   ;
|   return 0;
| }
configure:5479: result: no
configure:5487: checking for MPIR_ToPointer in -lmpich
configure:5512: mpicc -o conftest -g -O2   conftest.c -lmpich  -ldl -lm  >&5
/usr/bin/ld: /tmp/ccmFjzSC.o: in function `main':
/github/mpi/mpiP/conftest.c:38: undefined reference to `MPIR_ToPointer'
collect2: error: ld returned 1 exit status
configure:5512: $? = 1
configure: failed program was:
| /* confdefs.h */
| #define PACKAGE_NAME "mpiP"
| #define PACKAGE_TARNAME "mpip"
| #define PACKAGE_VERSION "3.5"
| #define PACKAGE_STRING "mpiP 3.5"
| #define PACKAGE_BUGREPORT ""
| #define PACKAGE_URL ""
| #define MPIP_CALLSITE_REPORT_STACK_DEPTH_MAX 8
| #define MPIP_INTERNAL_STACK_DEPTH 3
| #define MPIP_CALLSITE_STACK_DEPTH_MAX (MPIP_CALLSITE_REPORT_STACK_DEPTH_MAX + MPIP_INTERNAL_STACK_DEPTH)
| #define MPIP_COPIED_ARGS_MAX 32
| #define DEFAULT_REPORT_FORMAT mpiPi_style_verbose
| #define HAVE_LIBM 1
| #define STDC_HEADERS 1
| #define HAVE_SYS_TYPES_H 1
| #define HAVE_SYS_STAT_H 1
| #define HAVE_STDLIB_H 1
| #define HAVE_STRING_H 1
| #define HAVE_MEMORY_H 1
| #define HAVE_STRINGS_H 1
| #define HAVE_INTTYPES_H 1
| #define HAVE_STDINT_H 1
| #define HAVE_UNISTD_H 1
| #define SIZEOF_VOIDP 8
| #define HAVE_BFD_BOOLEAN 1
| /* end confdefs.h.  */
| 
| /* Override any GCC internal prototype to avoid an error.
|    Use char because int might match the return type of a GCC
|    builtin and then its argument prototype would still apply.  */
| #ifdef __cplusplus
| extern "C"
| #endif
| char MPIR_ToPointer ();
| int
| main ()
| {
| return MPIR_ToPointer ();
|   ;
|   return 0;
| }
configure:5521: result: no
configure:5547: mpicc -c -g -O2  conftest.c >&5
configure:5547: $? = 0
configure:5565: checking for rts_get_timebase
configure:5565: mpicc -o conftest -g -O2   conftest.c -ldl -lm  >&5
/usr/bin/ld: /tmp/ccN5BVFi.o: in function `main':
/github/mpi/mpiP/conftest.c:62: undefined reference to `rts_get_timebase'
collect2: error: ld returned 1 exit status
configure:5565: $? = 1
configure: failed program was:
| /* confdefs.h */
| #define PACKAGE_NAME "mpiP"
| #define PACKAGE_TARNAME "mpip"
| #define PACKAGE_VERSION "3.5"
| #define PACKAGE_STRING "mpiP 3.5"
| #define PACKAGE_BUGREPORT ""
| #define PACKAGE_URL ""
| #define MPIP_CALLSITE_REPORT_STACK_DEPTH_MAX 8
| #define MPIP_INTERNAL_STACK_DEPTH 3
| #define MPIP_CALLSITE_STACK_DEPTH_MAX (MPIP_CALLSITE_REPORT_STACK_DEPTH_MAX + MPIP_INTERNAL_STACK_DEPTH)
| #define MPIP_COPIED_ARGS_MAX 32
| #define DEFAULT_REPORT_FORMAT mpiPi_style_verbose
| #define HAVE_LIBM 1
| #define STDC_HEADERS 1
| #define HAVE_SYS_TYPES_H 1
| #define HAVE_SYS_STAT_H 1
| #define HAVE_STDLIB_H 1
| #define HAVE_STRING_H 1
| #define HAVE_MEMORY_H 1
| #define HAVE_STRINGS_H 1
| #define HAVE_INTTYPES_H 1
| #define HAVE_STDINT_H 1
| #define HAVE_UNISTD_H 1
| #define SIZEOF_VOIDP 8
| #define HAVE_BFD_BOOLEAN 1
| #define USE_MPI3_CONSTS 1
| /* end confdefs.h.  */
| /* Define rts_get_timebase to an innocuous variant, in case <limits.h> declares rts_get_timebase.
|    For example, HP-UX 11i <limits.h> declares gettimeofday.  */
| #define rts_get_timebase innocuous_rts_get_timebase
| 
| /* System header to define __stub macros and hopefully few prototypes,
|     which can conflict with char rts_get_timebase (); below.
|     Prefer <limits.h> to <assert.h> if __STDC__ is defined, since
|     <limits.h> exists even on freestanding compilers.  */
| 
| #ifdef __STDC__
| # include <limits.h>
| #else
| # include <assert.h>
| #endif
| 
| #undef rts_get_timebase
| 
| /* Override any GCC internal prototype to avoid an error.
|    Use char because int might match the return type of a GCC
|    builtin and then its argument prototype would still apply.  */
| #ifdef __cplusplus
| extern "C"
| #endif
| char rts_get_timebase ();
| /* The GNU C library defines this for functions which it implements
|     to always fail with ENOSYS.  Some functions are actually named
|     something starting with __ and the normal name is an alias.  */
| #if defined __stub_rts_get_timebase || defined __stub___rts_get_timebase
| choke me
| #endif
| 
| int
| main ()
| {
| return rts_get_timebase ();
|   ;
|   return 0;
| }
configure:5565: result: no
configure:5579: checking whether _rtc is declared
configure:5579: mpicc -c -g -O2  conftest.c >&5
conftest.c:28:10: fatal error: intrinsics.h: No such file or directory
   28 | #include <intrinsics.h>
      |          ^~~~~~~~~~~~~~
compilation terminated.
configure:5579: $? = 1
configure: failed program was:
| /* confdefs.h */
| #define PACKAGE_NAME "mpiP"
| #define PACKAGE_TARNAME "mpip"
| #define PACKAGE_VERSION "3.5"
| #define PACKAGE_STRING "mpiP 3.5"
| #define PACKAGE_BUGREPORT ""
| #define PACKAGE_URL ""
| #define MPIP_CALLSITE_REPORT_STACK_DEPTH_MAX 8
| #define MPIP_INTERNAL_STACK_DEPTH 3
| #define MPIP_CALLSITE_STACK_DEPTH_MAX (MPIP_CALLSITE_REPORT_STACK_DEPTH_MAX + MPIP_INTERNAL_STACK_DEPTH)
| #define MPIP_COPIED_ARGS_MAX 32
| #define DEFAULT_REPORT_FORMAT mpiPi_style_verbose
| #define HAVE_LIBM 1
| #define STDC_HEADERS 1
| #define HAVE_SYS_TYPES_H 1
| #define HAVE_SYS_STAT_H 1
| #define HAVE_STDLIB_H 1
| #define HAVE_STRING_H 1
| #define HAVE_MEMORY_H 1
| #define HAVE_STRINGS_H 1
| #define HAVE_INTTYPES_H 1
| #define HAVE_STDINT_H 1
| #define HAVE_UNISTD_H 1
| #define SIZEOF_VOIDP 8
| #define HAVE_BFD_BOOLEAN 1
| #define USE_MPI3_CONSTS 1
| /* end confdefs.h.  */
| #include <intrinsics.h>
| 
| int
| main ()
| {
| #ifndef _rtc
| #ifdef __cplusplus
|   (void) _rtc;
| #else
|   (void) _rtc;
| #endif
| #endif
| 
|   ;
|   return 0;
| }
configure:5579: result: no
configure:5594: checking for mread_real_time
configure:5594: mpicc -o conftest -g -O2   conftest.c -ldl -lm  >&5
/usr/bin/ld: /tmp/cc3uxziB.o: in function `main':
/github/mpi/mpiP/conftest.c:62: undefined reference to `mread_real_time'
collect2: error: ld returned 1 exit status
configure:5594: $? = 1
configure: failed program was:
| /* confdefs.h */
| #define PACKAGE_NAME "mpiP"
| #define PACKAGE_TARNAME "mpip"
| #define PACKAGE_VERSION "3.5"
| #define PACKAGE_STRING "mpiP 3.5"
| #define PACKAGE_BUGREPORT ""
| #define PACKAGE_URL ""
| #define MPIP_CALLSITE_REPORT_STACK_DEPTH_MAX 8
| #define MPIP_INTERNAL_STACK_DEPTH 3
| #define MPIP_CALLSITE_STACK_DEPTH_MAX (MPIP_CALLSITE_REPORT_STACK_DEPTH_MAX + MPIP_INTERNAL_STACK_DEPTH)
| #define MPIP_COPIED_ARGS_MAX 32
| #define DEFAULT_REPORT_FORMAT mpiPi_style_verbose
| #define HAVE_LIBM 1
| #define STDC_HEADERS 1
| #define HAVE_SYS_TYPES_H 1
| #define HAVE_SYS_STAT_H 1
| #define HAVE_STDLIB_H 1
| #define HAVE_STRING_H 1
| #define HAVE_MEMORY_H 1
| #define HAVE_STRINGS_H 1
| #define HAVE_INTTYPES_H 1
| #define HAVE_STDINT_H 1
| #define HAVE_UNISTD_H 1
| #define SIZEOF_VOIDP 8
| #define HAVE_BFD_BOOLEAN 1
| #define USE_MPI3_CONSTS 1
| /* end confdefs.h.  */
| /* Define mread_real_time to an innocuous variant, in case <limits.h> declares mread_real_time.
|    For example, HP-UX 11i <limits.h> declares gettimeofday.  */
| #define mread_real_time innocuous_mread_real_time
| 
| /* System header to define __stub macros and hopefully few prototypes,
|     which can conflict with char mread_real_time (); below.
|     Prefer <limits.h> to <assert.h> if __STDC__ is defined, since
|     <limits.h> exists even on freestanding compilers.  */
| 
| #ifdef __STDC__
| # include <limits.h>
| #else
| # include <assert.h>
| #endif
| 
| #undef mread_real_time
| 
| /* Override any GCC internal prototype to avoid an error.
|    Use char because int might match the return type of a GCC
|    builtin and then its argument prototype would still apply.  */
| #ifdef __cplusplus
| extern "C"
| #endif
| char mread_real_time ();
| /* The GNU C library defines this for functions which it implements
|     to always fail with ENOSYS.  Some functions are actually named
|     something starting with __ and the normal name is an alias.  */
| #if defined __stub_mread_real_time || defined __stub___mread_real_time
| choke me
| #endif
| 
| int
| main ()
| {
| return mread_real_time ();
|   ;
|   return 0;
| }
configure:5594: result: no
configure:5612: checking for read_real_time
configure:5612: mpicc -o conftest -g -O2   conftest.c -ldl -lm  >&5
/usr/bin/ld: /tmp/ccJa72je.o: in function `main':
/github/mpi/mpiP/conftest.c:62: undefined reference to `read_real_time'
collect2: error: ld returned 1 exit status
configure:5612: $? = 1
configure: failed program was:
| /* confdefs.h */
| #define PACKAGE_NAME "mpiP"
| #define PACKAGE_TARNAME "mpip"
| #define PACKAGE_VERSION "3.5"
| #define PACKAGE_STRING "mpiP 3.5"
| #define PACKAGE_BUGREPORT ""
| #define PACKAGE_URL ""
| #define MPIP_CALLSITE_REPORT_STACK_DEPTH_MAX 8
| #define MPIP_INTERNAL_STACK_DEPTH 3
| #define MPIP_CALLSITE_STACK_DEPTH_MAX (MPIP_CALLSITE_REPORT_STACK_DEPTH_MAX + MPIP_INTERNAL_STACK_DEPTH)
| #define MPIP_COPIED_ARGS_MAX 32
| #define DEFAULT_REPORT_FORMAT mpiPi_style_verbose
| #define HAVE_LIBM 1
| #define STDC_HEADERS 1
| #define HAVE_SYS_TYPES_H 1
| #define HAVE_SYS_STAT_H 1
| #define HAVE_STDLIB_H 1
| #define HAVE_STRING_H 1
| #define HAVE_MEMORY_H 1
| #define HAVE_STRINGS_H 1
| #define HAVE_INTTYPES_H 1
| #define HAVE_STDINT_H 1
| #define HAVE_UNISTD_H 1
| #define SIZEOF_VOIDP 8
| #define HAVE_BFD_BOOLEAN 1
| #define USE_MPI3_CONSTS 1
| /* end confdefs.h.  */
| /* Define read_real_time to an innocuous variant, in case <limits.h> declares read_real_time.
|    For example, HP-UX 11i <limits.h> declares gettimeofday.  */
| #define read_real_time innocuous_read_real_time
| 
| /* System header to define __stub macros and hopefully few prototypes,
|     which can conflict with char read_real_time (); below.
|     Prefer <limits.h> to <assert.h> if __STDC__ is defined, since
|     <limits.h> exists even on freestanding compilers.  */
| 
| #ifdef __STDC__
| # include <limits.h>
| #else
| # include <assert.h>
| #endif
| 
| #undef read_real_time
| 
| /* Override any GCC internal prototype to avoid an error.
|    Use char because int might match the return type of a GCC
|    builtin and then its argument prototype would still apply.  */
| #ifdef __cplusplus
| extern "C"
| #endif
| char read_real_time ();
| /* The GNU C library defines this for functions which it implements
|     to always fail with ENOSYS.  Some functions are actually named
|     something starting with __ and the normal name is an alias.  */
| #if defined __stub_read_real_time || defined __stub___read_real_time
| choke me
| #endif
| 
| int
| main ()
| {
| return read_real_time ();
|   ;
|   return 0;
| }
configure:5612: result: no
configure:5678: checking for MPI_Wtime
configure:5678: mpicc -o conftest -g -O2   conftest.c -ldl -lm  >&5
configure:5678: $? = 0
configure:5678: result: yes
configure:5699: checking libunwind.h usability
configure:5699: mpicc -c -g -O2  conftest.c >&5
configure:5699: $? = 0
configure:5699: result: yes
configure:5699: checking libunwind.h presence
configure:5699: mpicc -E  conftest.c
configure:5699: $? = 0
configure:5699: result: yes
configure:5699: checking for libunwind.h
configure:5699: result: yes
configure:5732: checking for MPI_File_open
configure:5732: mpicc -o conftest -g -O2   conftest.c -ldl -lm  -lunwind >&5
configure:5732: $? = 0
configure:5732: result: yes
configure:5793: checking for MPI_Win_allocate
configure:5793: mpicc -o conftest -g -O2   conftest.c -ldl -lm  -lunwind >&5
configure:5793: $? = 0
configure:5793: result: yes
configure:5811: checking for MPI_Ibarrier
configure:5811: mpicc -o conftest -g -O2   conftest.c -ldl -lm  -lunwind >&5
configure:5811: $? = 0
configure:5811: result: yes
configure:5860: checking fortran to C conversion
configure:5873: mpicc -o conftest -g -O2   conftest.c -ldl -lm  -lunwind >&5
configure:5873: $? = 0
configure:5874: result: yes
configure:5886: checking ARM LSE
configure:5909: mpicc -o conftest -g -O2   conftest.c -ldl -lm  -lunwind >&5
/tmp/ccEI51VB.s: Assembler messages:
/tmp/ccEI51VB.s:22: Error: selected processor does not support `swpl x1,x2,[x0]'
configure:5909: $? = 1
configure: failed program was:
| /* confdefs.h */
| #define PACKAGE_NAME "mpiP"
| #define PACKAGE_TARNAME "mpip"
| #define PACKAGE_VERSION "3.5"
| #define PACKAGE_STRING "mpiP 3.5"
| #define PACKAGE_BUGREPORT ""
| #define PACKAGE_URL ""
| #define MPIP_CALLSITE_REPORT_STACK_DEPTH_MAX 8
| #define MPIP_INTERNAL_STACK_DEPTH 3
| #define MPIP_CALLSITE_STACK_DEPTH_MAX (MPIP_CALLSITE_REPORT_STACK_DEPTH_MAX + MPIP_INTERNAL_STACK_DEPTH)
| #define MPIP_COPIED_ARGS_MAX 32
| #define DEFAULT_REPORT_FORMAT mpiPi_style_verbose
| #define HAVE_LIBM 1
| #define STDC_HEADERS 1
| #define HAVE_SYS_TYPES_H 1
| #define HAVE_SYS_STAT_H 1
| #define HAVE_STDLIB_H 1
| #define HAVE_STRING_H 1
| #define HAVE_MEMORY_H 1
| #define HAVE_STRINGS_H 1
| #define HAVE_INTTYPES_H 1
| #define HAVE_STDINT_H 1
| #define HAVE_UNISTD_H 1
| #define SIZEOF_VOIDP 8
| #define HAVE_BFD_BOOLEAN 1
| #define USE_MPI3_CONSTS 1
| #define USE_WTIME 1
| #define HAVE_LIBUNWIND 1
| #define HAVE_MPI_IO 1
| #define HAVE_MPI_RMA 1
| #define HAVE_MPI_NONBLOCKINGCOLLECTIVES 1
| /* end confdefs.h.  */
|  #include <stdint.h>
| int
| main ()
| {
|  #if __aarch64__
|                           int64_t *addr, newval; int64_t ret;
| 
| __asm__ __volatile__ ("swpl %2, %0, [%1]\n"
|                       : "=&r" (ret)
|                       : "r" (addr), "r" (newval)
|                       : );
| #else
| fail
| #endif
| 
|   ;
|   return 0;
| }
configure:5915: result: no
configure:6188: checking fortran symbols
configure:6210: result: lowercase with underscore
configure:6253: checking fortran compiler
configure:6311: result: GNU
configure:6377: creating ./config.status

## ---------------------- ##
## Running config.status. ##
## ---------------------- ##

This file was extended by mpiP config.status 3.5, which was
generated by GNU Autoconf 2.69.  Invocation command line was

  CONFIG_FILES    = 
  CONFIG_HEADERS  = 
  CONFIG_LINKS    = 
  CONFIG_COMMANDS = 
  $ ./config.status 

on 101298ab52fc

config.status:901: creating Defs.mak
config.status:901: creating Makefile
config.status:901: creating testing/Makefile
config.status:901: creating Check.mak
config.status:901: creating mpi.protos.txt
config.status:901: creating get_fortran_arg.f
config.status:901: creating mpip_timers/aix_local.h
config.status:901: creating mpiPconfig.h

## ---------------- ##
## Cache variables. ##
## ---------------- ##

ac_cv_build=aarch64-unknown-linux-gnu
ac_cv_c_compiler_gnu=yes
ac_cv_env_CC_set=
ac_cv_env_CC_value=
ac_cv_env_CFLAGS_set=
ac_cv_env_CFLAGS_value=
ac_cv_env_CPPFLAGS_set=
ac_cv_env_CPPFLAGS_value=
ac_cv_env_CPP_set=
ac_cv_env_CPP_value=
ac_cv_env_F77_set=
ac_cv_env_F77_value=
ac_cv_env_FFLAGS_set=
ac_cv_env_FFLAGS_value=
ac_cv_env_LDFLAGS_set=
ac_cv_env_LDFLAGS_value=
ac_cv_env_LIBS_set=
ac_cv_env_LIBS_value=
ac_cv_env_build_alias_set=
ac_cv_env_build_alias_value=
ac_cv_env_host_alias_set=
ac_cv_env_host_alias_value=
ac_cv_env_target_alias_set=
ac_cv_env_target_alias_value=
ac_cv_func_MPI_File_open=yes
ac_cv_func_MPI_Ibarrier=yes
ac_cv_func_MPI_Win_allocate=yes
ac_cv_func_MPI_Wtime=yes
ac_cv_func_mread_real_time=no
ac_cv_func_read_real_time=no
ac_cv_func_rts_get_timebase=no
ac_cv_have_decl_MPI_Init=yes
ac_cv_have_decl__rtc=no
ac_cv_header_bfd_h=no
ac_cv_header_inttypes_h=yes
ac_cv_header_libunwind_h=yes
ac_cv_header_memory_h=yes
ac_cv_header_stdc=yes
ac_cv_header_stdint_h=yes
ac_cv_header_stdlib_h=yes
ac_cv_header_string_h=yes
ac_cv_header_strings_h=yes
ac_cv_header_sys_stat_h=yes
ac_cv_header_sys_types_h=yes
ac_cv_header_unistd_h=yes
ac_cv_host=aarch64-unknown-linux-gnu
ac_cv_lib_iberty_objalloc_create=no
ac_cv_lib_intl_dcgettext__=no
ac_cv_lib_m_sqrt=yes
ac_cv_lib_mpi_MPIR_ToPointer=no
ac_cv_lib_mpich_MPIR_ToPointer=no
ac_cv_lib_z_inflate=yes
ac_cv_objext=o
ac_cv_path_EGREP='/usr/bin/grep -E'
ac_cv_path_GREP=/usr/bin/grep
ac_cv_path_install='/usr/bin/install -c'
ac_cv_prog_CC=mpicc
ac_cv_prog_CPP='mpicc -E'
ac_cv_prog_CXX=mpiCC
ac_cv_prog_F77=mpifort
ac_cv_prog_HAVE_PYTHON=python
ac_cv_prog_LAUNCH=mpirun
ac_cv_prog_ac_ct_RANLIB=ranlib
ac_cv_prog_cc_c89=
ac_cv_prog_cc_g=yes
ac_cv_search_dlopen=-ldl
ac_cv_sizeof_voidp=8
ac_cv_target=aarch64-unknown-linux-gnu
ac_cv_type_bfd_boolean=no

## ----------------- ##
## Output variables. ##
## ----------------- ##

ADD_OBJS=''
BINUTILS_DIR='/usr'
BIN_TYPE_FLAG=''
CC='mpicc'
CFLAGS='-g -O2'
CPP='mpicc -E'
CPPFLAGS=''
CXX='mpiCC'
DEFAULT_TARGS='${SHARED_C_TARGET}'
DEFS='-DHAVE_CONFIG_H'
DO_DEMANGLE='false'
ECHO_C=''
ECHO_N='-n'
ECHO_T=''
EGREP='/usr/bin/grep -E'
ENABLE_API_ONLY='no'
ENABLE_BFD='no'
ENABLE_FORTRAN_WEAK_SYMS='no'
ENABLE_FORTRAN_XLATE='yes'
ENABLE_MPI_IO='yes'
ENABLE_MPI_NONBLOCKINGCOLLECTIVES='yes'
ENABLE_MPI_RMA='yes'
EXEEXT=''
F77='mpifort'
F77_SYMBOLS='symbol_'
F77_VENDOR='GNU'
FFLAGS=''
FORTRAN_FLAG='-DGNU_Fortran'
FORTRAN_GETARG_OBJ_FILE='get_fortran_arg.o'
FORTRAN_STR_DECL='character buf*(*)'
FORTRAN_TARGET='libmpiPg77.a'
GREP='/usr/bin/grep'
HAVE_PYTHON='python'
INSTALL_DATA='${INSTALL} -m 644'
INSTALL_PROGRAM='${INSTALL}'
INSTALL_SCRIPT='${INSTALL}'
LAUNCH='mpirun'
LDFLAGS=''
LIBOBJS=''
LIBS='-ldl -lm  -lunwind'
LIBUNWIND_LOC='/usr/lib/libunwind.a'
LTLIBOBJS=''
MPIPFLIB='mpiPg77'
MPIP_CALLSITE_REPORT_STACK_DEPTH_MAX=''
MPIP_CALLSITE_STACK_DEPTH_MAX=''
MPIP_COPIED_ARGS_MAX='32'
MPIP_INTERNAL_STACK_DEPTH='3'
OBJEXT='o'
PACKAGE_BUGREPORT=''
PACKAGE_NAME='mpiP'
PACKAGE_STRING='mpiP 3.5'
PACKAGE_TARNAME='mpip'
PACKAGE_URL=''
PACKAGE_VERSION='3.5'
PATH_SEPARATOR=':'
PC_LOOKUP_FILE='pc_lookup.c'
PIC_FLAGS='-fpic -DPIC'
RANLIB='ranlib'
READ_REAL_TIME='read_real_time'
SHELL='/bin/bash'
TEST_LIST=''
USE_BACKTRACE=''
USE_GETARG='false'
USE_LIBDWARF='no'
USE_RTC='no'
USE_RTS_GET_TIMEBASE=''
USE_SETJMP='no'
ac_ct_CC=''
ac_ct_F77=''
bindir='${exec_prefix}/bin'
build='aarch64-unknown-linux-gnu'
build_alias=''
build_cpu='aarch64'
build_os='linux-gnu'
build_vendor='unknown'
datadir='${datarootdir}'
datarootdir='${prefix}/share'
docdir='${datarootdir}/doc/${PACKAGE_TARNAME}'
dvidir='${docdir}'
exec_prefix='${prefix}'
host='aarch64-unknown-linux-gnu'
host_alias=''
host_cpu='aarch64'
host_os='linux-gnu'
host_vendor='unknown'
htmldir='${docdir}'
includedir='${prefix}/include'
infodir='${datarootdir}/info'
libdir='${exec_prefix}/lib'
libexecdir='${exec_prefix}/libexec'
localedir='${datarootdir}/locale'
localstatedir='${prefix}/var'
mandir='${datarootdir}/man'
oldincludedir='/usr/include'
pdfdir='${docdir}'
prefix='.'
program_transform_name='s,x,x,'
psdir='${docdir}'
sbindir='${exec_prefix}/sbin'
sharedstatedir='${prefix}/com'
slibdir='${exec_prefix}/lib'
sysconfdir='${prefix}/etc'
target='aarch64-unknown-linux-gnu'
target_alias=''
target_cpu='aarch64'
target_os='linux-gnu'
target_vendor='unknown'

## ------------------- ##
## File substitutions. ##
## ------------------- ##

FORTRAN_GETARG=''
HAVE_MPI_IO='mpi.io.protos.txt'
HAVE_MPI_NONBLOCKINGCOLLECTIVES='mpi.nbc.protos.txt'
HAVE_MPI_RMA='mpi.rma.protos.txt'

## ----------- ##
## confdefs.h. ##
## ----------- ##

/* confdefs.h */
#define PACKAGE_NAME "mpiP"
#define PACKAGE_TARNAME "mpip"
#define PACKAGE_VERSION "3.5"
#define PACKAGE_STRING "mpiP 3.5"
#define PACKAGE_BUGREPORT ""
#define PACKAGE_URL ""
#define MPIP_CALLSITE_REPORT_STACK_DEPTH_MAX 8
#define MPIP_INTERNAL_STACK_DEPTH 3
#define MPIP_CALLSITE_STACK_DEPTH_MAX (MPIP_CALLSITE_REPORT_STACK_DEPTH_MAX + MPIP_INTERNAL_STACK_DEPTH)
#define MPIP_COPIED_ARGS_MAX 32
#define DEFAULT_REPORT_FORMAT mpiPi_style_verbose
#define HAVE_LIBM 1
#define STDC_HEADERS 1
#define HAVE_SYS_TYPES_H 1
#define HAVE_SYS_STAT_H 1
#define HAVE_STDLIB_H 1
#define HAVE_STRING_H 1
#define HAVE_MEMORY_H 1
#define HAVE_STRINGS_H 1
#define HAVE_INTTYPES_H 1
#define HAVE_STDINT_H 1
#define HAVE_UNISTD_H 1
#define SIZEOF_VOIDP 8
#define HAVE_BFD_BOOLEAN 1
#define USE_MPI3_CONSTS 1
#define USE_WTIME 1
#define HAVE_LIBUNWIND 1
#define HAVE_MPI_IO 1
#define HAVE_MPI_RMA 1
#define HAVE_MPI_NONBLOCKINGCOLLECTIVES 1
#define F77_SYMBOLS symbol_

configure: exit 0
